2015/09/22 17:53:06 [error] [exception.CHttpException.404] exception 'CHttpException' with message 'Unable to resolve the request "ajax".' in /home/tiennt/Downloads/website_biofood/framework/web/CWebApplication.php:286
Stack trace:
#0 /home/tiennt/Downloads/website_biofood/framework/web/CWebApplication.php(141): CWebApplication->runController('ajax')
#1 /home/tiennt/Downloads/website_biofood/framework/base/CApplication.php(180): CWebApplication->processRequest()
#2 /var/www/yii-standard/public/webroot/index.php(31): CApplication->run()
#3 {main}
REQUEST_URI=/ajax?action=chart&_type=video&genre=VN
HTTP_REFERER=http://yii.local/
---
2015/09/22 17:53:06 [error] [exception.CHttpException.404] exception 'CHttpException' with message 'Unable to resolve the request "ajax".' in /home/tiennt/Downloads/website_biofood/framework/web/CWebApplication.php:286
Stack trace:
#0 /home/tiennt/Downloads/website_biofood/framework/web/CWebApplication.php(141): CWebApplication->runController('ajax')
#1 /home/tiennt/Downloads/website_biofood/framework/base/CApplication.php(180): CWebApplication->processRequest()
#2 /var/www/yii-standard/public/webroot/index.php(31): CApplication->run()
#3 {main}
REQUEST_URI=/ajax?action=chart&_type=album&genre=VN
HTTP_REFERER=http://yii.local/
---
2015/09/22 17:53:06 [error] [exception.CHttpException.404] exception 'CHttpException' with message 'Unable to resolve the request "ajax".' in /home/tiennt/Downloads/website_biofood/framework/web/CWebApplication.php:286
Stack trace:
#0 /home/tiennt/Downloads/website_biofood/framework/web/CWebApplication.php(141): CWebApplication->runController('ajax')
#1 /home/tiennt/Downloads/website_biofood/framework/base/CApplication.php(180): CWebApplication->processRequest()
#2 /var/www/yii-standard/public/webroot/index.php(31): CApplication->run()
#3 {main}
REQUEST_URI=/ajax?action=chart&_type=song&genre=VN
HTTP_REFERER=http://yii.local/
---
2015/09/22 17:54:22 [error] [exception.CHttpException.404] exception 'CHttpException' with message 'Unable to resolve the request "ajax".' in /home/tiennt/Downloads/website_biofood/framework/web/CWebApplication.php:286
Stack trace:
#0 /home/tiennt/Downloads/website_biofood/framework/web/CWebApplication.php(141): CWebApplication->runController('ajax')
#1 /home/tiennt/Downloads/website_biofood/framework/base/CApplication.php(180): CWebApplication->processRequest()
#2 /var/www/yii-standard/public/webroot/index.php(31): CApplication->run()
#3 {main}
REQUEST_URI=/ajax?action=chart&_type=song&genre=VN
HTTP_REFERER=http://yii.local/
---
2015/09/22 17:54:22 [error] [exception.CHttpException.404] exception 'CHttpException' with message 'Unable to resolve the request "ajax".' in /home/tiennt/Downloads/website_biofood/framework/web/CWebApplication.php:286
Stack trace:
#0 /home/tiennt/Downloads/website_biofood/framework/web/CWebApplication.php(141): CWebApplication->runController('ajax')
#1 /home/tiennt/Downloads/website_biofood/framework/base/CApplication.php(180): CWebApplication->processRequest()
#2 /var/www/yii-standard/public/webroot/index.php(31): CApplication->run()
#3 {main}
REQUEST_URI=/ajax?action=chart&_type=video&genre=VN
HTTP_REFERER=http://yii.local/
---
2015/09/22 17:54:22 [error] [exception.CHttpException.404] exception 'CHttpException' with message 'Unable to resolve the request "ajax".' in /home/tiennt/Downloads/website_biofood/framework/web/CWebApplication.php:286
Stack trace:
#0 /home/tiennt/Downloads/website_biofood/framework/web/CWebApplication.php(141): CWebApplication->runController('ajax')
#1 /home/tiennt/Downloads/website_biofood/framework/base/CApplication.php(180): CWebApplication->processRequest()
#2 /var/www/yii-standard/public/webroot/index.php(31): CApplication->run()
#3 {main}
REQUEST_URI=/ajax?action=chart&_type=album&genre=VN
HTTP_REFERER=http://yii.local/
---
2015/09/24 15:30:26 [error] [exception.CHttpException.404] exception 'CHttpException' with message 'Unable to resolve the request "ajax".' in /home/tiennt/Downloads/website_biofood/framework/web/CWebApplication.php:286
Stack trace:
#0 /home/tiennt/Downloads/website_biofood/framework/web/CWebApplication.php(141): CWebApplication->runController('ajax')
#1 /home/tiennt/Downloads/website_biofood/framework/base/CApplication.php(180): CWebApplication->processRequest()
#2 /var/www/yii-standard/public/webroot/index.php(31): CApplication->run()
#3 {main}
REQUEST_URI=/ajax?action=chart&_type=album&genre=VN
HTTP_REFERER=http://yii.local/
---
2015/09/24 15:30:26 [error] [exception.CHttpException.404] exception 'CHttpException' with message 'Unable to resolve the request "ajax".' in /home/tiennt/Downloads/website_biofood/framework/web/CWebApplication.php:286
Stack trace:
#0 /home/tiennt/Downloads/website_biofood/framework/web/CWebApplication.php(141): CWebApplication->runController('ajax')
#1 /home/tiennt/Downloads/website_biofood/framework/base/CApplication.php(180): CWebApplication->processRequest()
#2 /var/www/yii-standard/public/webroot/index.php(31): CApplication->run()
#3 {main}
REQUEST_URI=/ajax?action=chart&_type=video&genre=VN
HTTP_REFERER=http://yii.local/
---
2015/09/24 15:30:26 [error] [exception.CHttpException.404] exception 'CHttpException' with message 'Unable to resolve the request "ajax".' in /home/tiennt/Downloads/website_biofood/framework/web/CWebApplication.php:286
Stack trace:
#0 /home/tiennt/Downloads/website_biofood/framework/web/CWebApplication.php(141): CWebApplication->runController('ajax')
#1 /home/tiennt/Downloads/website_biofood/framework/base/CApplication.php(180): CWebApplication->processRequest()
#2 /var/www/yii-standard/public/webroot/index.php(31): CApplication->run()
#3 {main}
REQUEST_URI=/ajax?action=chart&_type=song&genre=VN
HTTP_REFERER=http://yii.local/
---
2015/09/24 15:34:19 [error] [exception.CHttpException.404] exception 'CHttpException' with message 'Unable to resolve the request "ajax".' in /home/tiennt/Downloads/website_biofood/framework/web/CWebApplication.php:286
Stack trace:
#0 /home/tiennt/Downloads/website_biofood/framework/web/CWebApplication.php(141): CWebApplication->runController('ajax')
#1 /home/tiennt/Downloads/website_biofood/framework/base/CApplication.php(180): CWebApplication->processRequest()
#2 /var/www/yii-standard/public/webroot/index.php(31): CApplication->run()
#3 {main}
REQUEST_URI=/ajax?action=chart&_type=album&genre=VN
HTTP_REFERER=http://yii.local/avatar
---
2015/09/24 15:34:19 [error] [exception.CHttpException.404] exception 'CHttpException' with message 'Unable to resolve the request "ajax".' in /home/tiennt/Downloads/website_biofood/framework/web/CWebApplication.php:286
Stack trace:
#0 /home/tiennt/Downloads/website_biofood/framework/web/CWebApplication.php(141): CWebApplication->runController('ajax')
#1 /home/tiennt/Downloads/website_biofood/framework/base/CApplication.php(180): CWebApplication->processRequest()
#2 /var/www/yii-standard/public/webroot/index.php(31): CApplication->run()
#3 {main}
REQUEST_URI=/ajax?action=chart&_type=song&genre=VN
HTTP_REFERER=http://yii.local/avatar
---
2015/09/24 15:34:19 [error] [exception.CHttpException.404] exception 'CHttpException' with message 'Unable to resolve the request "ajax".' in /home/tiennt/Downloads/website_biofood/framework/web/CWebApplication.php:286
Stack trace:
#0 /home/tiennt/Downloads/website_biofood/framework/web/CWebApplication.php(141): CWebApplication->runController('ajax')
#1 /home/tiennt/Downloads/website_biofood/framework/base/CApplication.php(180): CWebApplication->processRequest()
#2 /var/www/yii-standard/public/webroot/index.php(31): CApplication->run()
#3 {main}
REQUEST_URI=/ajax?action=chart&_type=video&genre=VN
HTTP_REFERER=http://yii.local/avatar
---
2015/09/24 15:37:53 [error] [exception.CHttpException.404] exception 'CHttpException' with message 'Unable to resolve the request "ajax".' in /home/tiennt/Downloads/website_biofood/framework/web/CWebApplication.php:286
Stack trace:
#0 /home/tiennt/Downloads/website_biofood/framework/web/CWebApplication.php(141): CWebApplication->runController('ajax')
#1 /home/tiennt/Downloads/website_biofood/framework/base/CApplication.php(180): CWebApplication->processRequest()
#2 /var/www/yii-standard/public/webroot/index.php(31): CApplication->run()
#3 {main}
REQUEST_URI=/ajax?action=chart&_type=video&genre=VN
HTTP_REFERER=http://yii.local/avatar
---
2015/09/24 15:37:53 [error] [exception.CHttpException.404] exception 'CHttpException' with message 'Unable to resolve the request "ajax".' in /home/tiennt/Downloads/website_biofood/framework/web/CWebApplication.php:286
Stack trace:
#0 /home/tiennt/Downloads/website_biofood/framework/web/CWebApplication.php(141): CWebApplication->runController('ajax')
#1 /home/tiennt/Downloads/website_biofood/framework/base/CApplication.php(180): CWebApplication->processRequest()
#2 /var/www/yii-standard/public/webroot/index.php(31): CApplication->run()
#3 {main}
REQUEST_URI=/ajax?action=chart&_type=album&genre=VN
HTTP_REFERER=http://yii.local/avatar
---
2015/09/24 15:37:53 [error] [exception.CHttpException.404] exception 'CHttpException' with message 'Unable to resolve the request "ajax".' in /home/tiennt/Downloads/website_biofood/framework/web/CWebApplication.php:286
Stack trace:
#0 /home/tiennt/Downloads/website_biofood/framework/web/CWebApplication.php(141): CWebApplication->runController('ajax')
#1 /home/tiennt/Downloads/website_biofood/framework/base/CApplication.php(180): CWebApplication->processRequest()
#2 /var/www/yii-standard/public/webroot/index.php(31): CApplication->run()
#3 {main}
REQUEST_URI=/ajax?action=chart&_type=song&genre=VN
HTTP_REFERER=http://yii.local/avatar
---
2015/09/24 15:40:39 [error] [exception.CHttpException.404] exception 'CHttpException' with message 'Unable to resolve the request "ajax".' in /home/tiennt/Downloads/website_biofood/framework/web/CWebApplication.php:286
Stack trace:
#0 /home/tiennt/Downloads/website_biofood/framework/web/CWebApplication.php(141): CWebApplication->runController('ajax')
#1 /home/tiennt/Downloads/website_biofood/framework/base/CApplication.php(180): CWebApplication->processRequest()
#2 /var/www/yii-standard/public/webroot/index.php(31): CApplication->run()
#3 {main}
REQUEST_URI=/ajax?action=chart&_type=album&genre=VN
HTTP_REFERER=http://yii.local/avatar
---
2015/09/24 15:40:39 [error] [exception.CHttpException.404] exception 'CHttpException' with message 'Unable to resolve the request "ajax".' in /home/tiennt/Downloads/website_biofood/framework/web/CWebApplication.php:286
Stack trace:
#0 /home/tiennt/Downloads/website_biofood/framework/web/CWebApplication.php(141): CWebApplication->runController('ajax')
#1 /home/tiennt/Downloads/website_biofood/framework/base/CApplication.php(180): CWebApplication->processRequest()
#2 /var/www/yii-standard/public/webroot/index.php(31): CApplication->run()
#3 {main}
REQUEST_URI=/ajax?action=chart&_type=video&genre=VN
HTTP_REFERER=http://yii.local/avatar
---
2015/09/24 15:40:39 [error] [exception.CHttpException.404] exception 'CHttpException' with message 'Unable to resolve the request "ajax".' in /home/tiennt/Downloads/website_biofood/framework/web/CWebApplication.php:286
Stack trace:
#0 /home/tiennt/Downloads/website_biofood/framework/web/CWebApplication.php(141): CWebApplication->runController('ajax')
#1 /home/tiennt/Downloads/website_biofood/framework/base/CApplication.php(180): CWebApplication->processRequest()
#2 /var/www/yii-standard/public/webroot/index.php(31): CApplication->run()
#3 {main}
REQUEST_URI=/ajax?action=chart&_type=song&genre=VN
HTTP_REFERER=http://yii.local/avatar
---
2015/09/24 15:42:09 [error] [exception.CHttpException.404] exception 'CHttpException' with message 'Unable to resolve the request "ajax".' in /home/tiennt/Downloads/website_biofood/framework/web/CWebApplication.php:286
Stack trace:
#0 /home/tiennt/Downloads/website_biofood/framework/web/CWebApplication.php(141): CWebApplication->runController('ajax')
#1 /home/tiennt/Downloads/website_biofood/framework/base/CApplication.php(180): CWebApplication->processRequest()
#2 /var/www/yii-standard/public/webroot/index.php(31): CApplication->run()
#3 {main}
REQUEST_URI=/ajax?action=chart&_type=album&genre=VN
HTTP_REFERER=http://yii.local/avatar
---
2015/09/24 15:42:09 [error] [exception.CHttpException.404] exception 'CHttpException' with message 'Unable to resolve the request "ajax".' in /home/tiennt/Downloads/website_biofood/framework/web/CWebApplication.php:286
Stack trace:
#0 /home/tiennt/Downloads/website_biofood/framework/web/CWebApplication.php(141): CWebApplication->runController('ajax')
#1 /home/tiennt/Downloads/website_biofood/framework/base/CApplication.php(180): CWebApplication->processRequest()
#2 /var/www/yii-standard/public/webroot/index.php(31): CApplication->run()
#3 {main}
REQUEST_URI=/ajax?action=chart&_type=song&genre=VN
HTTP_REFERER=http://yii.local/avatar
---
2015/09/24 15:42:09 [error] [exception.CHttpException.404] exception 'CHttpException' with message 'Unable to resolve the request "ajax".' in /home/tiennt/Downloads/website_biofood/framework/web/CWebApplication.php:286
Stack trace:
#0 /home/tiennt/Downloads/website_biofood/framework/web/CWebApplication.php(141): CWebApplication->runController('ajax')
#1 /home/tiennt/Downloads/website_biofood/framework/base/CApplication.php(180): CWebApplication->processRequest()
#2 /var/www/yii-standard/public/webroot/index.php(31): CApplication->run()
#3 {main}
REQUEST_URI=/ajax?action=chart&_type=video&genre=VN
HTTP_REFERER=http://yii.local/avatar
---
2015/09/24 15:42:15 [error] [exception.CHttpException.404] exception 'CHttpException' with message 'Unable to resolve the request "ajax".' in /home/tiennt/Downloads/website_biofood/framework/web/CWebApplication.php:286
Stack trace:
#0 /home/tiennt/Downloads/website_biofood/framework/web/CWebApplication.php(141): CWebApplication->runController('ajax')
#1 /home/tiennt/Downloads/website_biofood/framework/base/CApplication.php(180): CWebApplication->processRequest()
#2 /var/www/yii-standard/public/webroot/index.php(31): CApplication->run()
#3 {main}
REQUEST_URI=/ajax?action=chart&_type=video&genre=VN
HTTP_REFERER=http://yii.local/avatar
---
2015/09/24 15:42:15 [error] [exception.CHttpException.404] exception 'CHttpException' with message 'Unable to resolve the request "ajax".' in /home/tiennt/Downloads/website_biofood/framework/web/CWebApplication.php:286
Stack trace:
#0 /home/tiennt/Downloads/website_biofood/framework/web/CWebApplication.php(141): CWebApplication->runController('ajax')
#1 /home/tiennt/Downloads/website_biofood/framework/base/CApplication.php(180): CWebApplication->processRequest()
#2 /var/www/yii-standard/public/webroot/index.php(31): CApplication->run()
#3 {main}
REQUEST_URI=/ajax?action=chart&_type=song&genre=VN
HTTP_REFERER=http://yii.local/avatar
---
2015/09/24 15:42:15 [error] [exception.CHttpException.404] exception 'CHttpException' with message 'Unable to resolve the request "ajax".' in /home/tiennt/Downloads/website_biofood/framework/web/CWebApplication.php:286
Stack trace:
#0 /home/tiennt/Downloads/website_biofood/framework/web/CWebApplication.php(141): CWebApplication->runController('ajax')
#1 /home/tiennt/Downloads/website_biofood/framework/base/CApplication.php(180): CWebApplication->processRequest()
#2 /var/www/yii-standard/public/webroot/index.php(31): CApplication->run()
#3 {main}
REQUEST_URI=/ajax?action=chart&_type=album&genre=VN
HTTP_REFERER=http://yii.local/avatar
---
2015/09/24 15:42:20 [error] [exception.CHttpException.404] exception 'CHttpException' with message 'Unable to resolve the request "user/uploadCover".' in /home/tiennt/Downloads/website_biofood/framework/web/CWebApplication.php:286
Stack trace:
#0 /home/tiennt/Downloads/website_biofood/framework/web/CWebApplication.php(141): CWebApplication->runController('user/uploadCove...')
#1 /home/tiennt/Downloads/website_biofood/framework/base/CApplication.php(180): CWebApplication->processRequest()
#2 /var/www/yii-standard/public/webroot/index.php(31): CApplication->run()
#3 {main}
REQUEST_URI=/user/uploadCover?PHPSESSID=1jil5ocv80rn4ov2kgld7dj0a6&YII_CSRF_TOKEN=a89ab6fd769219bcd4d875534cfef49309f1de0f&qqfile=hh-6.jpg
HTTP_REFERER=http://yii.local/avatar
---
2015/09/24 15:42:33 [error] [exception.CHttpException.404] exception 'CHttpException' with message 'Unable to resolve the request "user/uploadCover".' in /home/tiennt/Downloads/website_biofood/framework/web/CWebApplication.php:286
Stack trace:
#0 /home/tiennt/Downloads/website_biofood/framework/web/CWebApplication.php(141): CWebApplication->runController('user/uploadCove...')
#1 /home/tiennt/Downloads/website_biofood/framework/base/CApplication.php(180): CWebApplication->processRequest()
#2 /var/www/yii-standard/public/webroot/index.php(31): CApplication->run()
#3 {main}
REQUEST_URI=/user/uploadCover?PHPSESSID=1jil5ocv80rn4ov2kgld7dj0a6&YII_CSRF_TOKEN=a89ab6fd769219bcd4d875534cfef49309f1de0f&qqfile=images.jpg
HTTP_REFERER=http://yii.local/avatar
---
2015/09/24 15:43:41 [error] [exception.CHttpException.404] exception 'CHttpException' with message 'Unable to resolve the request "ajax".' in /home/tiennt/Downloads/website_biofood/framework/web/CWebApplication.php:286
Stack trace:
#0 /home/tiennt/Downloads/website_biofood/framework/web/CWebApplication.php(141): CWebApplication->runController('ajax')
#1 /home/tiennt/Downloads/website_biofood/framework/base/CApplication.php(180): CWebApplication->processRequest()
#2 /var/www/yii-standard/public/webroot/index.php(31): CApplication->run()
#3 {main}
REQUEST_URI=/ajax?action=chart&_type=song&genre=VN
HTTP_REFERER=http://yii.local/avatar
---
2015/09/24 15:43:41 [error] [exception.CHttpException.404] exception 'CHttpException' with message 'Unable to resolve the request "ajax".' in /home/tiennt/Downloads/website_biofood/framework/web/CWebApplication.php:286
Stack trace:
#0 /home/tiennt/Downloads/website_biofood/framework/web/CWebApplication.php(141): CWebApplication->runController('ajax')
#1 /home/tiennt/Downloads/website_biofood/framework/base/CApplication.php(180): CWebApplication->processRequest()
#2 /var/www/yii-standard/public/webroot/index.php(31): CApplication->run()
#3 {main}
REQUEST_URI=/ajax?action=chart&_type=video&genre=VN
HTTP_REFERER=http://yii.local/avatar
---
2015/09/24 15:43:41 [error] [exception.CHttpException.404] exception 'CHttpException' with message 'Unable to resolve the request "ajax".' in /home/tiennt/Downloads/website_biofood/framework/web/CWebApplication.php:286
Stack trace:
#0 /home/tiennt/Downloads/website_biofood/framework/web/CWebApplication.php(141): CWebApplication->runController('ajax')
#1 /home/tiennt/Downloads/website_biofood/framework/base/CApplication.php(180): CWebApplication->processRequest()
#2 /var/www/yii-standard/public/webroot/index.php(31): CApplication->run()
#3 {main}
REQUEST_URI=/ajax?action=chart&_type=album&genre=VN
HTTP_REFERER=http://yii.local/avatar
---
2015/09/24 15:45:47 [error] [exception.CHttpException.404] exception 'CHttpException' with message 'Unable to resolve the request "ajax".' in /home/tiennt/Downloads/website_biofood/framework/web/CWebApplication.php:286
Stack trace:
#0 /home/tiennt/Downloads/website_biofood/framework/web/CWebApplication.php(141): CWebApplication->runController('ajax')
#1 /home/tiennt/Downloads/website_biofood/framework/base/CApplication.php(180): CWebApplication->processRequest()
#2 /var/www/yii-standard/public/webroot/index.php(31): CApplication->run()
#3 {main}
REQUEST_URI=/ajax?action=chart&_type=song&genre=VN
HTTP_REFERER=http://yii.local/avatar
---
2015/09/24 15:45:47 [error] [exception.CHttpException.404] exception 'CHttpException' with message 'Unable to resolve the request "ajax".' in /home/tiennt/Downloads/website_biofood/framework/web/CWebApplication.php:286
Stack trace:
#0 /home/tiennt/Downloads/website_biofood/framework/web/CWebApplication.php(141): CWebApplication->runController('ajax')
#1 /home/tiennt/Downloads/website_biofood/framework/base/CApplication.php(180): CWebApplication->processRequest()
#2 /var/www/yii-standard/public/webroot/index.php(31): CApplication->run()
#3 {main}
REQUEST_URI=/ajax?action=chart&_type=album&genre=VN
HTTP_REFERER=http://yii.local/avatar
---
2015/09/24 15:45:47 [error] [exception.CHttpException.404] exception 'CHttpException' with message 'Unable to resolve the request "ajax".' in /home/tiennt/Downloads/website_biofood/framework/web/CWebApplication.php:286
Stack trace:
#0 /home/tiennt/Downloads/website_biofood/framework/web/CWebApplication.php(141): CWebApplication->runController('ajax')
#1 /home/tiennt/Downloads/website_biofood/framework/base/CApplication.php(180): CWebApplication->processRequest()
#2 /var/www/yii-standard/public/webroot/index.php(31): CApplication->run()
#3 {main}
REQUEST_URI=/ajax?action=chart&_type=video&genre=VN
HTTP_REFERER=http://yii.local/avatar
---
2015/09/24 15:45:52 [error] [exception.CHttpException.404] exception 'CHttpException' with message 'The system is unable to find the requested action "resize".' in /home/tiennt/Downloads/website_biofood/framework/web/CController.php:483
Stack trace:
#0 /home/tiennt/Downloads/website_biofood/framework/web/CController.php(270): CController->missingAction('resize')
#1 /home/tiennt/Downloads/website_biofood/framework/web/CWebApplication.php(282): CController->run('resize')
#2 /home/tiennt/Downloads/website_biofood/framework/web/CWebApplication.php(141): CWebApplication->runController('avatar/resize')
#3 /home/tiennt/Downloads/website_biofood/framework/base/CApplication.php(180): CWebApplication->processRequest()
#4 /var/www/yii-standard/public/webroot/index.php(31): CApplication->run()
#5 {main}
REQUEST_URI=/avatar/resize?file=20150924154552ngontinh3.jpg&_=1443084352257
HTTP_REFERER=http://yii.local/avatar
---
2015/09/24 15:52:27 [error] [exception.CHttpException.404] exception 'CHttpException' with message 'Unable to resolve the request "ajax".' in /home/tiennt/Downloads/website_biofood/framework/web/CWebApplication.php:286
Stack trace:
#0 /home/tiennt/Downloads/website_biofood/framework/web/CWebApplication.php(141): CWebApplication->runController('ajax')
#1 /home/tiennt/Downloads/website_biofood/framework/base/CApplication.php(180): CWebApplication->processRequest()
#2 /var/www/yii-standard/public/webroot/index.php(31): CApplication->run()
#3 {main}
REQUEST_URI=/ajax?action=chart&_type=video&genre=VN
HTTP_REFERER=http://yii.local/avatar
---
2015/09/24 15:52:27 [error] [exception.CHttpException.404] exception 'CHttpException' with message 'Unable to resolve the request "ajax".' in /home/tiennt/Downloads/website_biofood/framework/web/CWebApplication.php:286
Stack trace:
#0 /home/tiennt/Downloads/website_biofood/framework/web/CWebApplication.php(141): CWebApplication->runController('ajax')
#1 /home/tiennt/Downloads/website_biofood/framework/base/CApplication.php(180): CWebApplication->processRequest()
#2 /var/www/yii-standard/public/webroot/index.php(31): CApplication->run()
#3 {main}
REQUEST_URI=/ajax?action=chart&_type=song&genre=VN
HTTP_REFERER=http://yii.local/avatar
---
2015/09/24 15:52:27 [error] [exception.CHttpException.404] exception 'CHttpException' with message 'Unable to resolve the request "ajax".' in /home/tiennt/Downloads/website_biofood/framework/web/CWebApplication.php:286
Stack trace:
#0 /home/tiennt/Downloads/website_biofood/framework/web/CWebApplication.php(141): CWebApplication->runController('ajax')
#1 /home/tiennt/Downloads/website_biofood/framework/base/CApplication.php(180): CWebApplication->processRequest()
#2 /var/www/yii-standard/public/webroot/index.php(31): CApplication->run()
#3 {main}
REQUEST_URI=/ajax?action=chart&_type=album&genre=VN
HTTP_REFERER=http://yii.local/avatar
---
2015/09/24 15:52:42 [error] [exception.CHttpException.404] exception 'CHttpException' with message 'The system is unable to find the requested action "resize".' in /home/tiennt/Downloads/website_biofood/framework/web/CController.php:483
Stack trace:
#0 /home/tiennt/Downloads/website_biofood/framework/web/CController.php(270): CController->missingAction('resize')
#1 /home/tiennt/Downloads/website_biofood/framework/web/CWebApplication.php(282): CController->run('resize')
#2 /home/tiennt/Downloads/website_biofood/framework/web/CWebApplication.php(141): CWebApplication->runController('avatar/resize')
#3 /home/tiennt/Downloads/website_biofood/framework/base/CApplication.php(180): CWebApplication->processRequest()
#4 /var/www/yii-standard/public/webroot/index.php(31): CApplication->run()
#5 {main}
REQUEST_URI=/avatar/resize?file=20150924155242images.jpg&_=1443084762763
HTTP_REFERER=http://yii.local/avatar
---
2015/09/24 15:53:06 [error] [exception.CHttpException.404] exception 'CHttpException' with message 'Unable to resolve the request "ajax".' in /home/tiennt/Downloads/website_biofood/framework/web/CWebApplication.php:286
Stack trace:
#0 /home/tiennt/Downloads/website_biofood/framework/web/CWebApplication.php(141): CWebApplication->runController('ajax')
#1 /home/tiennt/Downloads/website_biofood/framework/base/CApplication.php(180): CWebApplication->processRequest()
#2 /var/www/yii-standard/public/webroot/index.php(31): CApplication->run()
#3 {main}
REQUEST_URI=/ajax?action=chart&_type=song&genre=VN
HTTP_REFERER=http://yii.local/avatar
---
2015/09/24 15:53:06 [error] [exception.CHttpException.404] exception 'CHttpException' with message 'Unable to resolve the request "ajax".' in /home/tiennt/Downloads/website_biofood/framework/web/CWebApplication.php:286
Stack trace:
#0 /home/tiennt/Downloads/website_biofood/framework/web/CWebApplication.php(141): CWebApplication->runController('ajax')
#1 /home/tiennt/Downloads/website_biofood/framework/base/CApplication.php(180): CWebApplication->processRequest()
#2 /var/www/yii-standard/public/webroot/index.php(31): CApplication->run()
#3 {main}
REQUEST_URI=/ajax?action=chart&_type=album&genre=VN
HTTP_REFERER=http://yii.local/avatar
---
2015/09/24 15:53:06 [error] [exception.CHttpException.404] exception 'CHttpException' with message 'Unable to resolve the request "ajax".' in /home/tiennt/Downloads/website_biofood/framework/web/CWebApplication.php:286
Stack trace:
#0 /home/tiennt/Downloads/website_biofood/framework/web/CWebApplication.php(141): CWebApplication->runController('ajax')
#1 /home/tiennt/Downloads/website_biofood/framework/base/CApplication.php(180): CWebApplication->processRequest()
#2 /var/www/yii-standard/public/webroot/index.php(31): CApplication->run()
#3 {main}
REQUEST_URI=/ajax?action=chart&_type=video&genre=VN
HTTP_REFERER=http://yii.local/avatar
---
2015/09/24 15:53:14 [error] [exception.CHttpException.404] exception 'CHttpException' with message 'Unable to resolve the request "ajax".' in /home/tiennt/Downloads/website_biofood/framework/web/CWebApplication.php:286
Stack trace:
#0 /home/tiennt/Downloads/website_biofood/framework/web/CWebApplication.php(141): CWebApplication->runController('ajax')
#1 /home/tiennt/Downloads/website_biofood/framework/base/CApplication.php(180): CWebApplication->processRequest()
#2 /var/www/yii-standard/public/webroot/index.php(31): CApplication->run()
#3 {main}
REQUEST_URI=/ajax?action=chart&_type=song&genre=VN
HTTP_REFERER=http://yii.local/avatar
---
2015/09/24 15:53:14 [error] [exception.CHttpException.404] exception 'CHttpException' with message 'Unable to resolve the request "ajax".' in /home/tiennt/Downloads/website_biofood/framework/web/CWebApplication.php:286
Stack trace:
#0 /home/tiennt/Downloads/website_biofood/framework/web/CWebApplication.php(141): CWebApplication->runController('ajax')
#1 /home/tiennt/Downloads/website_biofood/framework/base/CApplication.php(180): CWebApplication->processRequest()
#2 /var/www/yii-standard/public/webroot/index.php(31): CApplication->run()
#3 {main}
REQUEST_URI=/ajax?action=chart&_type=album&genre=VN
HTTP_REFERER=http://yii.local/avatar
---
2015/09/24 15:53:14 [error] [exception.CHttpException.404] exception 'CHttpException' with message 'Unable to resolve the request "ajax".' in /home/tiennt/Downloads/website_biofood/framework/web/CWebApplication.php:286
Stack trace:
#0 /home/tiennt/Downloads/website_biofood/framework/web/CWebApplication.php(141): CWebApplication->runController('ajax')
#1 /home/tiennt/Downloads/website_biofood/framework/base/CApplication.php(180): CWebApplication->processRequest()
#2 /var/www/yii-standard/public/webroot/index.php(31): CApplication->run()
#3 {main}
REQUEST_URI=/ajax?action=chart&_type=video&genre=VN
HTTP_REFERER=http://yii.local/avatar
---
2015/09/24 16:02:59 [error] [exception.CHttpException.404] exception 'CHttpException' with message 'Unable to resolve the request "ajax".' in /home/tiennt/Downloads/website_biofood/framework/web/CWebApplication.php:286
Stack trace:
#0 /home/tiennt/Downloads/website_biofood/framework/web/CWebApplication.php(141): CWebApplication->runController('ajax')
#1 /home/tiennt/Downloads/website_biofood/framework/base/CApplication.php(180): CWebApplication->processRequest()
#2 /var/www/yii-standard/public/webroot/index.php(31): CApplication->run()
#3 {main}
REQUEST_URI=/ajax?action=chart&_type=song&genre=VN
HTTP_REFERER=http://yii.local/avatar
---
2015/09/24 16:02:59 [error] [exception.CHttpException.404] exception 'CHttpException' with message 'Unable to resolve the request "ajax".' in /home/tiennt/Downloads/website_biofood/framework/web/CWebApplication.php:286
Stack trace:
#0 /home/tiennt/Downloads/website_biofood/framework/web/CWebApplication.php(141): CWebApplication->runController('ajax')
#1 /home/tiennt/Downloads/website_biofood/framework/base/CApplication.php(180): CWebApplication->processRequest()
#2 /var/www/yii-standard/public/webroot/index.php(31): CApplication->run()
#3 {main}
REQUEST_URI=/ajax?action=chart&_type=album&genre=VN
HTTP_REFERER=http://yii.local/avatar
---
2015/09/24 16:02:59 [error] [exception.CHttpException.404] exception 'CHttpException' with message 'Unable to resolve the request "ajax".' in /home/tiennt/Downloads/website_biofood/framework/web/CWebApplication.php:286
Stack trace:
#0 /home/tiennt/Downloads/website_biofood/framework/web/CWebApplication.php(141): CWebApplication->runController('ajax')
#1 /home/tiennt/Downloads/website_biofood/framework/base/CApplication.php(180): CWebApplication->processRequest()
#2 /var/www/yii-standard/public/webroot/index.php(31): CApplication->run()
#3 {main}
REQUEST_URI=/ajax?action=chart&_type=video&genre=VN
HTTP_REFERER=http://yii.local/avatar
---
2015/09/24 16:03:51 [error] [exception.CHttpException.404] exception 'CHttpException' with message 'Unable to resolve the request "ajax".' in /home/tiennt/Downloads/website_biofood/framework/web/CWebApplication.php:286
Stack trace:
#0 /home/tiennt/Downloads/website_biofood/framework/web/CWebApplication.php(141): CWebApplication->runController('ajax')
#1 /home/tiennt/Downloads/website_biofood/framework/base/CApplication.php(180): CWebApplication->processRequest()
#2 /var/www/yii-standard/public/webroot/index.php(31): CApplication->run()
#3 {main}
REQUEST_URI=/ajax?action=chart&_type=song&genre=VN
HTTP_REFERER=http://yii.local/avatar
---
2015/09/24 16:03:51 [error] [exception.CHttpException.404] exception 'CHttpException' with message 'Unable to resolve the request "ajax".' in /home/tiennt/Downloads/website_biofood/framework/web/CWebApplication.php:286
Stack trace:
#0 /home/tiennt/Downloads/website_biofood/framework/web/CWebApplication.php(141): CWebApplication->runController('ajax')
#1 /home/tiennt/Downloads/website_biofood/framework/base/CApplication.php(180): CWebApplication->processRequest()
#2 /var/www/yii-standard/public/webroot/index.php(31): CApplication->run()
#3 {main}
REQUEST_URI=/ajax?action=chart&_type=album&genre=VN
HTTP_REFERER=http://yii.local/avatar
---
2015/09/24 16:03:51 [error] [exception.CHttpException.404] exception 'CHttpException' with message 'Unable to resolve the request "ajax".' in /home/tiennt/Downloads/website_biofood/framework/web/CWebApplication.php:286
Stack trace:
#0 /home/tiennt/Downloads/website_biofood/framework/web/CWebApplication.php(141): CWebApplication->runController('ajax')
#1 /home/tiennt/Downloads/website_biofood/framework/base/CApplication.php(180): CWebApplication->processRequest()
#2 /var/www/yii-standard/public/webroot/index.php(31): CApplication->run()
#3 {main}
REQUEST_URI=/ajax?action=chart&_type=video&genre=VN
HTTP_REFERER=http://yii.local/avatar
---
2015/09/24 16:04:55 [error] [exception.CHttpException.404] exception 'CHttpException' with message 'Unable to resolve the request "ajax".' in /home/tiennt/Downloads/website_biofood/framework/web/CWebApplication.php:286
Stack trace:
#0 /home/tiennt/Downloads/website_biofood/framework/web/CWebApplication.php(141): CWebApplication->runController('ajax')
#1 /home/tiennt/Downloads/website_biofood/framework/base/CApplication.php(180): CWebApplication->processRequest()
#2 /var/www/yii-standard/public/webroot/index.php(31): CApplication->run()
#3 {main}
REQUEST_URI=/ajax?action=chart&_type=song&genre=VN
HTTP_REFERER=http://yii.local/avatar
---
2015/09/24 16:04:55 [error] [exception.CHttpException.404] exception 'CHttpException' with message 'Unable to resolve the request "ajax".' in /home/tiennt/Downloads/website_biofood/framework/web/CWebApplication.php:286
Stack trace:
#0 /home/tiennt/Downloads/website_biofood/framework/web/CWebApplication.php(141): CWebApplication->runController('ajax')
#1 /home/tiennt/Downloads/website_biofood/framework/base/CApplication.php(180): CWebApplication->processRequest()
#2 /var/www/yii-standard/public/webroot/index.php(31): CApplication->run()
#3 {main}
REQUEST_URI=/ajax?action=chart&_type=album&genre=VN
HTTP_REFERER=http://yii.local/avatar
---
2015/09/24 16:04:55 [error] [exception.CHttpException.404] exception 'CHttpException' with message 'Unable to resolve the request "ajax".' in /home/tiennt/Downloads/website_biofood/framework/web/CWebApplication.php:286
Stack trace:
#0 /home/tiennt/Downloads/website_biofood/framework/web/CWebApplication.php(141): CWebApplication->runController('ajax')
#1 /home/tiennt/Downloads/website_biofood/framework/base/CApplication.php(180): CWebApplication->processRequest()
#2 /var/www/yii-standard/public/webroot/index.php(31): CApplication->run()
#3 {main}
REQUEST_URI=/ajax?action=chart&_type=video&genre=VN
HTTP_REFERER=http://yii.local/avatar
---
2015/09/24 16:10:46 [error] [exception.CHttpException.404] exception 'CHttpException' with message 'Unable to resolve the request "ajax".' in /home/tiennt/Downloads/website_biofood/framework/web/CWebApplication.php:286
Stack trace:
#0 /home/tiennt/Downloads/website_biofood/framework/web/CWebApplication.php(141): CWebApplication->runController('ajax')
#1 /home/tiennt/Downloads/website_biofood/framework/base/CApplication.php(180): CWebApplication->processRequest()
#2 /var/www/yii-standard/public/webroot/index.php(31): CApplication->run()
#3 {main}
REQUEST_URI=/ajax?action=chart&_type=album&genre=VN
HTTP_REFERER=http://yii.local/avatar
---
2015/09/24 16:10:46 [error] [exception.CHttpException.404] exception 'CHttpException' with message 'Unable to resolve the request "ajax".' in /home/tiennt/Downloads/website_biofood/framework/web/CWebApplication.php:286
Stack trace:
#0 /home/tiennt/Downloads/website_biofood/framework/web/CWebApplication.php(141): CWebApplication->runController('ajax')
#1 /home/tiennt/Downloads/website_biofood/framework/base/CApplication.php(180): CWebApplication->processRequest()
#2 /var/www/yii-standard/public/webroot/index.php(31): CApplication->run()
#3 {main}
REQUEST_URI=/ajax?action=chart&_type=song&genre=VN
HTTP_REFERER=http://yii.local/avatar
---
2015/09/24 16:10:46 [error] [exception.CHttpException.404] exception 'CHttpException' with message 'Unable to resolve the request "ajax".' in /home/tiennt/Downloads/website_biofood/framework/web/CWebApplication.php:286
Stack trace:
#0 /home/tiennt/Downloads/website_biofood/framework/web/CWebApplication.php(141): CWebApplication->runController('ajax')
#1 /home/tiennt/Downloads/website_biofood/framework/base/CApplication.php(180): CWebApplication->processRequest()
#2 /var/www/yii-standard/public/webroot/index.php(31): CApplication->run()
#3 {main}
REQUEST_URI=/ajax?action=chart&_type=video&genre=VN
HTTP_REFERER=http://yii.local/avatar
---
2015/09/24 16:14:56 [error] [exception.CHttpException.404] exception 'CHttpException' with message 'Unable to resolve the request "ajax".' in /home/tiennt/Downloads/website_biofood/framework/web/CWebApplication.php:286
Stack trace:
#0 /home/tiennt/Downloads/website_biofood/framework/web/CWebApplication.php(141): CWebApplication->runController('ajax')
#1 /home/tiennt/Downloads/website_biofood/framework/base/CApplication.php(180): CWebApplication->processRequest()
#2 /var/www/yii-standard/public/webroot/index.php(31): CApplication->run()
#3 {main}
REQUEST_URI=/ajax?action=chart&_type=album&genre=VN
HTTP_REFERER=http://yii.local/avatar
---
2015/09/24 16:14:56 [error] [exception.CHttpException.404] exception 'CHttpException' with message 'Unable to resolve the request "ajax".' in /home/tiennt/Downloads/website_biofood/framework/web/CWebApplication.php:286
Stack trace:
#0 /home/tiennt/Downloads/website_biofood/framework/web/CWebApplication.php(141): CWebApplication->runController('ajax')
#1 /home/tiennt/Downloads/website_biofood/framework/base/CApplication.php(180): CWebApplication->processRequest()
#2 /var/www/yii-standard/public/webroot/index.php(31): CApplication->run()
#3 {main}
REQUEST_URI=/ajax?action=chart&_type=song&genre=VN
HTTP_REFERER=http://yii.local/avatar
---
2015/09/24 16:14:56 [error] [exception.CHttpException.404] exception 'CHttpException' with message 'Unable to resolve the request "ajax".' in /home/tiennt/Downloads/website_biofood/framework/web/CWebApplication.php:286
Stack trace:
#0 /home/tiennt/Downloads/website_biofood/framework/web/CWebApplication.php(141): CWebApplication->runController('ajax')
#1 /home/tiennt/Downloads/website_biofood/framework/base/CApplication.php(180): CWebApplication->processRequest()
#2 /var/www/yii-standard/public/webroot/index.php(31): CApplication->run()
#3 {main}
REQUEST_URI=/ajax?action=chart&_type=video&genre=VN
HTTP_REFERER=http://yii.local/avatar
---
2015/09/24 16:26:48 [error] [exception.CHttpException.404] exception 'CHttpException' with message 'Unable to resolve the request "album".' in /home/tiennt/Downloads/website_biofood/framework/web/CWebApplication.php:286
Stack trace:
#0 /home/tiennt/Downloads/website_biofood/framework/web/CWebApplication.php(141): CWebApplication->runController('album')
#1 /home/tiennt/Downloads/website_biofood/framework/base/CApplication.php(180): CWebApplication->processRequest()
#2 /var/www/yii-standard/public/webroot/index.php(31): CApplication->run()
#3 {main}
REQUEST_URI=/album
HTTP_REFERER=http://yii.local/avatar
---
2015/09/24 16:26:48 [error] [exception.CHttpException.404] exception 'CHttpException' with message 'Unable to resolve the request "ajax".' in /home/tiennt/Downloads/website_biofood/framework/web/CWebApplication.php:286
Stack trace:
#0 /home/tiennt/Downloads/website_biofood/framework/web/CWebApplication.php(141): CWebApplication->runController('ajax')
#1 /home/tiennt/Downloads/website_biofood/framework/base/CApplication.php(180): CWebApplication->processRequest()
#2 /var/www/yii-standard/public/webroot/index.php(31): CApplication->run()
#3 {main}
REQUEST_URI=/ajax?action=chart&_type=album&genre=VN
HTTP_REFERER=http://yii.local/album
---
2015/09/24 16:26:48 [error] [exception.CHttpException.404] exception 'CHttpException' with message 'Unable to resolve the request "ajax".' in /home/tiennt/Downloads/website_biofood/framework/web/CWebApplication.php:286
Stack trace:
#0 /home/tiennt/Downloads/website_biofood/framework/web/CWebApplication.php(141): CWebApplication->runController('ajax')
#1 /home/tiennt/Downloads/website_biofood/framework/base/CApplication.php(180): CWebApplication->processRequest()
#2 /var/www/yii-standard/public/webroot/index.php(31): CApplication->run()
#3 {main}
REQUEST_URI=/ajax?action=chart&_type=video&genre=VN
HTTP_REFERER=http://yii.local/album
---
2015/09/24 16:26:48 [error] [exception.CHttpException.404] exception 'CHttpException' with message 'Unable to resolve the request "ajax".' in /home/tiennt/Downloads/website_biofood/framework/web/CWebApplication.php:286
Stack trace:
#0 /home/tiennt/Downloads/website_biofood/framework/web/CWebApplication.php(141): CWebApplication->runController('ajax')
#1 /home/tiennt/Downloads/website_biofood/framework/base/CApplication.php(180): CWebApplication->processRequest()
#2 /var/www/yii-standard/public/webroot/index.php(31): CApplication->run()
#3 {main}
REQUEST_URI=/ajax?action=chart&_type=song&genre=VN
HTTP_REFERER=http://yii.local/album
---
2015/09/24 16:27:11 [error] [exception.CHttpException.404] exception 'CHttpException' with message 'Unable to resolve the request "ajax".' in /home/tiennt/Downloads/website_biofood/framework/web/CWebApplication.php:286
Stack trace:
#0 /home/tiennt/Downloads/website_biofood/framework/web/CWebApplication.php(141): CWebApplication->runController('ajax')
#1 /home/tiennt/Downloads/website_biofood/framework/base/CApplication.php(180): CWebApplication->processRequest()
#2 /var/www/yii-standard/public/webroot/index.php(31): CApplication->run()
#3 {main}
REQUEST_URI=/ajax?action=chart&_type=song&genre=VN
HTTP_REFERER=http://yii.local/avatar
---
2015/09/24 16:27:11 [error] [exception.CHttpException.404] exception 'CHttpException' with message 'Unable to resolve the request "ajax".' in /home/tiennt/Downloads/website_biofood/framework/web/CWebApplication.php:286
Stack trace:
#0 /home/tiennt/Downloads/website_biofood/framework/web/CWebApplication.php(141): CWebApplication->runController('ajax')
#1 /home/tiennt/Downloads/website_biofood/framework/base/CApplication.php(180): CWebApplication->processRequest()
#2 /var/www/yii-standard/public/webroot/index.php(31): CApplication->run()
#3 {main}
REQUEST_URI=/ajax?action=chart&_type=video&genre=VN
HTTP_REFERER=http://yii.local/avatar
---
2015/09/24 16:27:11 [error] [exception.CHttpException.404] exception 'CHttpException' with message 'Unable to resolve the request "ajax".' in /home/tiennt/Downloads/website_biofood/framework/web/CWebApplication.php:286
Stack trace:
#0 /home/tiennt/Downloads/website_biofood/framework/web/CWebApplication.php(141): CWebApplication->runController('ajax')
#1 /home/tiennt/Downloads/website_biofood/framework/base/CApplication.php(180): CWebApplication->processRequest()
#2 /var/www/yii-standard/public/webroot/index.php(31): CApplication->run()
#3 {main}
REQUEST_URI=/ajax?action=chart&_type=album&genre=VN
HTTP_REFERER=http://yii.local/avatar
---
2015/09/24 16:29:36 [error] [exception.CHttpException.404] exception 'CHttpException' with message 'Unable to resolve the request "ajax".' in /home/tiennt/Downloads/website_biofood/framework/web/CWebApplication.php:286
Stack trace:
#0 /home/tiennt/Downloads/website_biofood/framework/web/CWebApplication.php(141): CWebApplication->runController('ajax')
#1 /home/tiennt/Downloads/website_biofood/framework/base/CApplication.php(180): CWebApplication->processRequest()
#2 /var/www/yii-standard/public/webroot/index.php(31): CApplication->run()
#3 {main}
REQUEST_URI=/ajax?action=chart&_type=song&genre=VN
HTTP_REFERER=http://yii.local/
---
2015/09/24 16:29:36 [error] [exception.CHttpException.404] exception 'CHttpException' with message 'Unable to resolve the request "ajax".' in /home/tiennt/Downloads/website_biofood/framework/web/CWebApplication.php:286
Stack trace:
#0 /home/tiennt/Downloads/website_biofood/framework/web/CWebApplication.php(141): CWebApplication->runController('ajax')
#1 /home/tiennt/Downloads/website_biofood/framework/base/CApplication.php(180): CWebApplication->processRequest()
#2 /var/www/yii-standard/public/webroot/index.php(31): CApplication->run()
#3 {main}
REQUEST_URI=/ajax?action=chart&_type=album&genre=VN
HTTP_REFERER=http://yii.local/
---
2015/09/24 16:29:36 [error] [exception.CHttpException.404] exception 'CHttpException' with message 'Unable to resolve the request "ajax".' in /home/tiennt/Downloads/website_biofood/framework/web/CWebApplication.php:286
Stack trace:
#0 /home/tiennt/Downloads/website_biofood/framework/web/CWebApplication.php(141): CWebApplication->runController('ajax')
#1 /home/tiennt/Downloads/website_biofood/framework/base/CApplication.php(180): CWebApplication->processRequest()
#2 /var/www/yii-standard/public/webroot/index.php(31): CApplication->run()
#3 {main}
REQUEST_URI=/ajax?action=chart&_type=video&genre=VN
HTTP_REFERER=http://yii.local/
---
2015/10/27 15:36:17 [error] [ext.minScript.components.ExtMinScript] Can't access /var/www/nhenhang/web/js/_home.js
2015/10/27 15:36:17 [error] [ext.minScript.components.ExtMinScript] Can't access /var/www/nhenhang/web/js/_page.js
2015/10/27 15:36:22 [error] [ext.minScript.components.ExtMinScript] Can't access /var/www/nhenhang/web/js/_home.js
2015/10/27 15:36:22 [error] [ext.minScript.components.ExtMinScript] Can't access /var/www/nhenhang/web/js/_page.js
2015/10/27 15:36:24 [error] [ext.minScript.components.ExtMinScript] Can't access /var/www/nhenhang/web/js/_home.js
2015/10/27 15:36:24 [error] [ext.minScript.components.ExtMinScript] Can't access /var/www/nhenhang/web/js/_page.js
2015/10/27 15:39:10 [error] [ext.minScript.components.ExtMinScript] Can't access /var/www/nhenhang/web/js/_page.js
2015/10/27 15:40:00 [error] [ext.minScript.components.ExtMinScript] Can't access /var/www/nhenhang/web/js/_page.js
2015/10/27 15:40:43 [error] [ext.minScript.components.ExtMinScript] Can't access /var/www/nhenhang/web/js/_page.js
2015/10/27 15:41:30 [error] [exception.CException] exception 'CException' with message 'The minScript controller with ID "min" needs to be defined in CWebApplication::$controllerMap.' in /var/www/nhenhang/protected/extensions/minScript/components/ExtMinScript.php:120
Stack trace:
#0 /home/tiennt/Downloads/website_biofood/framework/base/CModule.php(387): ExtMinScript->init()
#1 /home/tiennt/Downloads/website_biofood/framework/web/CWebApplication.php(230): CModule->getComponent('clientScript')
#2 /var/www/nhenhang/protected/views/web/layouts/_header.php(15): CWebApplication->getClientScript()
#3 /var/www/nhenhang/protected/views/web/layouts/main.php(1): include_once('/var/www/nhenha...')
#4 /home/tiennt/Downloads/website_biofood/framework/web/CBaseController.php(126): require('/var/www/nhenha...')
#5 /home/tiennt/Downloads/website_biofood/framework/web/CBaseController.php(95): CBaseController->renderInternal('/var/www/nhenha...', Array, true)
#6 /home/tiennt/Downloads/website_biofood/framework/web/widgets/CContentDecorator.php(76): CBaseController->renderFile('/var/www/nhenha...', Array, true)
#7 /home/tiennt/Downloads/website_biofood/framework/web/widgets/CContentDecorator.php(54): CContentDecorator->decorate('    <div class=...')
#8 /home/tiennt/Downloads/website_biofood/framework/web/widgets/COutputProcessor.php(44): CContentDecorator->processOutput('    <div class=...')
#9 /home/tiennt/Downloads/website_biofood/framework/web/CBaseController.php(206): COutputProcessor->run()
#10 /home/tiennt/Downloads/website_biofood/framework/web/CBaseController.php(300): CBaseController->endWidget('CContentDecorat...')
#11 /var/www/nhenhang/protected/views/web/layouts/2column.php(20): CBaseController->endContent()
#12 /home/tiennt/Downloads/website_biofood/framework/web/CBaseController.php(126): require('/var/www/nhenha...')
#13 /home/tiennt/Downloads/website_biofood/framework/web/CBaseController.php(95): CBaseController->renderInternal('/var/www/nhenha...', Array, true)
#14 /home/tiennt/Downloads/website_biofood/framework/web/CController.php(784): CBaseController->renderFile('/var/www/nhenha...', Array, true)
#15 /var/www/nhenhang/protected/components/web/Controller.php(65): CController->render('index', NULL, false)
#16 /var/www/nhenhang/protected/controllers/web/IndexController.php(6): Controller->render('index')
#17 /home/tiennt/Downloads/website_biofood/framework/web/actions/CInlineAction.php(49): IndexController->actionIndex()
#18 /home/tiennt/Downloads/website_biofood/framework/web/CController.php(308): CInlineAction->runWithParams(Array)
#19 /home/tiennt/Downloads/website_biofood/framework/web/CController.php(286): CController->runAction(Object(CInlineAction))
#20 /home/tiennt/Downloads/website_biofood/framework/web/CController.php(265): CController->runActionWithFilters(Object(CInlineAction), Array)
#21 /home/tiennt/Downloads/website_biofood/framework/web/CWebApplication.php(282): CController->run('')
#22 /home/tiennt/Downloads/website_biofood/framework/web/CWebApplication.php(141): CWebApplication->runController('')
#23 /home/tiennt/Downloads/website_biofood/framework/base/CApplication.php(180): CWebApplication->processRequest()
#24 /var/www/nhenhang/index.php(31): CApplication->run()
#25 {main}
REQUEST_URI=/
---
2015/10/27 15:42:04 [error] [exception.CException] exception 'CException' with message 'The minScript controller with ID "min" needs to be defined in CWebApplication::$controllerMap.' in /var/www/nhenhang/protected/extensions/minScript/components/ExtMinScript.php:120
Stack trace:
#0 /home/tiennt/Downloads/website_biofood/framework/base/CModule.php(387): ExtMinScript->init()
#1 /home/tiennt/Downloads/website_biofood/framework/web/CWebApplication.php(230): CModule->getComponent('clientScript')
#2 /var/www/nhenhang/protected/views/web/layouts/_header.php(15): CWebApplication->getClientScript()
#3 /var/www/nhenhang/protected/views/web/layouts/main.php(1): include_once('/var/www/nhenha...')
#4 /home/tiennt/Downloads/website_biofood/framework/web/CBaseController.php(126): require('/var/www/nhenha...')
#5 /home/tiennt/Downloads/website_biofood/framework/web/CBaseController.php(95): CBaseController->renderInternal('/var/www/nhenha...', Array, true)
#6 /home/tiennt/Downloads/website_biofood/framework/web/widgets/CContentDecorator.php(76): CBaseController->renderFile('/var/www/nhenha...', Array, true)
#7 /home/tiennt/Downloads/website_biofood/framework/web/widgets/CContentDecorator.php(54): CContentDecorator->decorate('    <div class=...')
#8 /home/tiennt/Downloads/website_biofood/framework/web/widgets/COutputProcessor.php(44): CContentDecorator->processOutput('    <div class=...')
#9 /home/tiennt/Downloads/website_biofood/framework/web/CBaseController.php(206): COutputProcessor->run()
#10 /home/tiennt/Downloads/website_biofood/framework/web/CBaseController.php(300): CBaseController->endWidget('CContentDecorat...')
#11 /var/www/nhenhang/protected/views/web/layouts/2column.php(20): CBaseController->endContent()
#12 /home/tiennt/Downloads/website_biofood/framework/web/CBaseController.php(126): require('/var/www/nhenha...')
#13 /home/tiennt/Downloads/website_biofood/framework/web/CBaseController.php(95): CBaseController->renderInternal('/var/www/nhenha...', Array, true)
#14 /home/tiennt/Downloads/website_biofood/framework/web/CController.php(784): CBaseController->renderFile('/var/www/nhenha...', Array, true)
#15 /var/www/nhenhang/protected/components/web/Controller.php(65): CController->render('index', NULL, false)
#16 /var/www/nhenhang/protected/controllers/web/IndexController.php(6): Controller->render('index')
#17 /home/tiennt/Downloads/website_biofood/framework/web/actions/CInlineAction.php(49): IndexController->actionIndex()
#18 /home/tiennt/Downloads/website_biofood/framework/web/CController.php(308): CInlineAction->runWithParams(Array)
#19 /home/tiennt/Downloads/website_biofood/framework/web/CController.php(286): CController->runAction(Object(CInlineAction))
#20 /home/tiennt/Downloads/website_biofood/framework/web/CController.php(265): CController->runActionWithFilters(Object(CInlineAction), Array)
#21 /home/tiennt/Downloads/website_biofood/framework/web/CWebApplication.php(282): CController->run('')
#22 /home/tiennt/Downloads/website_biofood/framework/web/CWebApplication.php(141): CWebApplication->runController('')
#23 /home/tiennt/Downloads/website_biofood/framework/base/CApplication.php(180): CWebApplication->processRequest()
#24 /var/www/nhenhang/dev.php(38): CApplication->run()
#25 {main}
REQUEST_URI=/dev.php
---
2015/10/27 16:00:47 [error] [exception.CException] exception 'CException' with message 'IndexController cannot find the requested view "index".' in /home/tiennt/Downloads/website_biofood/framework/web/CController.php:878
Stack trace:
#0 /home/tiennt/Downloads/website_biofood/framework/web/CController.php(782): CController->renderPartial('index', Array, true)
#1 /var/www/nhenhang/protected/controllers/touch/IndexController.php(23): CController->render('index', Array)
#2 /home/tiennt/Downloads/website_biofood/framework/web/actions/CInlineAction.php(49): IndexController->actionIndex()
#3 /home/tiennt/Downloads/website_biofood/framework/web/CController.php(308): CInlineAction->runWithParams(Array)
#4 /home/tiennt/Downloads/website_biofood/framework/web/CController.php(286): CController->runAction(Object(CInlineAction))
#5 /home/tiennt/Downloads/website_biofood/framework/web/CController.php(265): CController->runActionWithFilters(Object(CInlineAction), Array)
#6 /home/tiennt/Downloads/website_biofood/framework/web/CWebApplication.php(282): CController->run('')
#7 /home/tiennt/Downloads/website_biofood/framework/web/CWebApplication.php(141): CWebApplication->runController('')
#8 /home/tiennt/Downloads/website_biofood/framework/base/CApplication.php(180): CWebApplication->processRequest()
#9 /var/www/nhenhang/dev.php(38): CApplication->run()
#10 {main}
REQUEST_URI=/dev.php
---
2015/10/27 16:00:48 [error] [exception.CException] exception 'CException' with message 'IndexController cannot find the requested view "index".' in /home/tiennt/Downloads/website_biofood/framework/web/CController.php:878
Stack trace:
#0 /home/tiennt/Downloads/website_biofood/framework/web/CController.php(782): CController->renderPartial('index', Array, true)
#1 /var/www/nhenhang/protected/controllers/touch/IndexController.php(23): CController->render('index', Array)
#2 /home/tiennt/Downloads/website_biofood/framework/web/actions/CInlineAction.php(49): IndexController->actionIndex()
#3 /home/tiennt/Downloads/website_biofood/framework/web/CController.php(308): CInlineAction->runWithParams(Array)
#4 /home/tiennt/Downloads/website_biofood/framework/web/CController.php(286): CController->runAction(Object(CInlineAction))
#5 /home/tiennt/Downloads/website_biofood/framework/web/CController.php(265): CController->runActionWithFilters(Object(CInlineAction), Array)
#6 /home/tiennt/Downloads/website_biofood/framework/web/CWebApplication.php(282): CController->run('')
#7 /home/tiennt/Downloads/website_biofood/framework/web/CWebApplication.php(141): CWebApplication->runController('')
#8 /home/tiennt/Downloads/website_biofood/framework/base/CApplication.php(180): CWebApplication->processRequest()
#9 /var/www/nhenhang/dev.php(38): CApplication->run()
#10 {main}
REQUEST_URI=/dev.php
---
